
An unexpected exception has been detected in native code outside the VM.
Unexpected Signal : EXCEPTION_ACCESS_VIOLATION (0xc0000005) occurred at PC=0x7B641654
Function=[Unknown.]
Library=(N/A)

NOTE: We are unable to locate the function name symbol for the error
      just occurred. Please refer to release documentation for possible
      reason and solutions.


Current Java thread:
	at org.eclipse.swt.internal.win32.OS.DispatchMessageA(Native Method)
	at org.eclipse.swt.internal.win32.OS.DispatchMessage(OS.java:1372)
	at org.eclipse.swt.widgets.Display.readAndDispatch(Display.java:2027)
	at ihm.FenetrePrincipaleIHM.<init>(FenetrePrincipaleIHM.java:583)
	at Euges.main(Euges.java:25)

Dynamic libraries:
0x7CD60000 - 0x7CD7D000 	C:\WINDOWS\SYSTEM\IMAGEHLP.DLL

Heap at VM Abort:
Heap
 def new generation   total 576K, used 353K [0x10010000, 0x100b0000, 0x104f0000)
  eden space 512K,  56% used [0x10010000, 0x100585a8, 0x10090000)
  from space 64K,  99% used [0x100a0000, 0x100afff8, 0x100b0000)
  to   space 64K,   0% used [0x10090000, 0x10090000, 0x100a0000)
 tenured generation   total 1408K, used 431K [0x104f0000, 0x10650000, 0x14010000)
   the space 1408K,  30% used [0x104f0000, 0x1055bd88, 0x1055be00, 0x10650000)
 compacting perm gen  total 4096K, used 4064K [0x14010000, 0x14410000, 0x18010000)
   the space 4096K,  99% used [0x14010000, 0x14408348, 0x14408400, 0x14410000)

Local Time = Mon Mar 08 06:24:09 2004
Elapsed Time = 88
#
# The exception above was detected in native code outside the VM
#
# Java VM: Java HotSpot(TM) Client VM (1.4.2-b28 mixed mode)
#
